<?xml version="1.0" encoding="UTF-8"?>
<!-- Generated by org.testng.reporters.JUnitReportReporter -->
<testsuite skipped="0" hostname="Shankars-MacBook-Air.local" name="tests.rest.TC003_CreateChangeRequest" tests="1" failures="0" timestamp="2023-08-20T15:47:08 IST" time="5.348" errors="0">
  <testcase name="createCR" time="5.348" classname="tests.rest.TC003_CreateChangeRequest"/>
  <system-out/>
</testsuite> <!-- tests.rest.TC003_CreateChangeRequest -->
