<?xml version="1.0" encoding="UTF-8"?>
<!-- Generated by org.testng.reporters.JUnitReportReporter -->
<testsuite skipped="0" hostname="Shankars-MacBook-Air.local" name="tests.selenium.TC001_SalesforceLogin" tests="1" failures="0" timestamp="2023-08-20T18:06:53 IST" time="72.863" errors="0">
  <testcase name="createIncident" time="72.863" classname="tests.selenium.TC001_SalesforceLogin"/>
  <system-out/>
</testsuite> <!-- tests.selenium.TC001_SalesforceLogin -->
