<?xml version="1.0" encoding="UTF-8"?>
<!-- Generated by org.testng.reporters.JUnitReportReporter -->
<testsuite skipped="0" hostname="Shankars-MacBook-Air.local" name="tests.rest.TC001_CreateIncident" tests="1" failures="0" timestamp="2023-08-20T15:45:25 IST" time="6.249" errors="0">
  <testcase name="createIncident" time="6.249" classname="tests.rest.TC001_CreateIncident"/>
  <system-out/>
</testsuite> <!-- tests.rest.TC001_CreateIncident -->
