<?xml version="1.0" encoding="UTF-8"?>
<!-- Generated by org.testng.reporters.JUnitReportReporter -->
<testsuite skipped="0" hostname="Shankars-MacBook-Air.local" name="tests.rest.TC001_SalesForce" tests="1" failures="0" timestamp="2023-08-20T17:24:04 IST" time="7.304" errors="0">
  <testcase name="createOauth" time="7.304" classname="tests.rest.TC001_SalesForce"/>
  <system-out/>
</testsuite> <!-- tests.rest.TC001_SalesForce -->
